2012-08-10 10:40:52,439 [DEBUG] root: Config Class Initialized (at /Library/WebServer/Documents/KulizaTagit/www-tagit-com/system/core/Config.php line 64)
2012-08-10 10:40:52,439 [DEBUG] root: Hooks Class Initialized (at /Library/WebServer/Documents/KulizaTagit/www-tagit-com/system/core/Hooks.php line 57)
2012-08-10 10:40:52,439 [DEBUG] root: Utf8 Class Initialized (at /Library/WebServer/Documents/KulizaTagit/www-tagit-com/system/core/Utf8.php line 39)
2012-08-10 10:40:52,439 [DEBUG] root: UTF-8 Support Enabled (at /Library/WebServer/Documents/KulizaTagit/www-tagit-com/system/core/Utf8.php line 50)
2012-08-10 10:40:52,439 [DEBUG] root: URI Class Initialized (at /Library/WebServer/Documents/KulizaTagit/www-tagit-com/system/core/URI.php line 73)
2012-08-10 10:40:52,439 [DEBUG] root: Router Class Initialized (at /Library/WebServer/Documents/KulizaTagit/www-tagit-com/system/core/Router.php line 90)
2012-08-10 10:40:52,439 [DEBUG] root: No URI present. Default controller set. (at /Library/WebServer/Documents/KulizaTagit/www-tagit-com/system/core/Router.php line 209)
2012-08-10 10:40:52,439 [DEBUG] root: Output Class Initialized (at /Library/WebServer/Documents/KulizaTagit/www-tagit-com/system/core/Output.php line 109)
2012-08-10 10:40:52,439 [DEBUG] root: Security Class Initialized (at /Library/WebServer/Documents/KulizaTagit/www-tagit-com/system/core/Security.php line 122)
2012-08-10 10:40:52,439 [DEBUG] root: Input Class Initialized (at /Library/WebServer/Documents/KulizaTagit/www-tagit-com/system/core/Input.php line 86)
2012-08-10 10:40:52,439 [DEBUG] root: Global POST and COOKIE data sanitized (at /Library/WebServer/Documents/KulizaTagit/www-tagit-com/system/core/Input.php line 651)
2012-08-10 10:40:52,439 [DEBUG] root: Language Class Initialized (at /Library/WebServer/Documents/KulizaTagit/www-tagit-com/system/core/Lang.php line 49)
2012-08-10 10:40:52,439 [DEBUG] root: Loader Class Initialized (at /Library/WebServer/Documents/KulizaTagit/www-tagit-com/system/core/Loader.php line 132)
2012-08-10 10:40:52,439 [DEBUG] root: Controller Class Initialized (at /Library/WebServer/Documents/KulizaTagit/www-tagit-com/system/core/Controller.php line 53)
2012-08-10 10:40:52,439 [DEBUG] root: File loaded: application/views//elements/header.php (at /Library/WebServer/Documents/KulizaTagit/www-tagit-com/system/core/Loader.php line 836)
2012-08-10 10:40:52,439 [DEBUG] root: File loaded: application/views//elements/footer.php (at /Library/WebServer/Documents/KulizaTagit/www-tagit-com/system/core/Loader.php line 836)
2012-08-10 10:40:52,439 [DEBUG] root: File loaded: application/views/home/index.php (at /Library/WebServer/Documents/KulizaTagit/www-tagit-com/system/core/Loader.php line 836)
2012-08-10 10:40:52,439 [DEBUG] root: Final output sent to browser (at /Library/WebServer/Documents/KulizaTagit/www-tagit-com/system/core/Output.php line 448)
2012-08-10 10:40:52,439 [DEBUG] root: Total execution time: 0.0177 (at /Library/WebServer/Documents/KulizaTagit/www-tagit-com/system/core/Output.php line 449)
2012-08-10 10:40:52,573 [DEBUG] root: Config Class Initialized (at /Library/WebServer/Documents/KulizaTagit/www-tagit-com/system/core/Config.php line 64)
2012-08-10 10:40:52,573 [DEBUG] root: Hooks Class Initialized (at /Library/WebServer/Documents/KulizaTagit/www-tagit-com/system/core/Hooks.php line 57)
2012-08-10 10:40:52,573 [DEBUG] root: Utf8 Class Initialized (at /Library/WebServer/Documents/KulizaTagit/www-tagit-com/system/core/Utf8.php line 39)
2012-08-10 10:40:52,573 [DEBUG] root: UTF-8 Support Enabled (at /Library/WebServer/Documents/KulizaTagit/www-tagit-com/system/core/Utf8.php line 50)
2012-08-10 10:40:52,573 [DEBUG] root: URI Class Initialized (at /Library/WebServer/Documents/KulizaTagit/www-tagit-com/system/core/URI.php line 73)
2012-08-10 10:40:52,573 [DEBUG] root: Router Class Initialized (at /Library/WebServer/Documents/KulizaTagit/www-tagit-com/system/core/Router.php line 90)
2012-08-10 10:40:52,573 [ERROR] root: 404 Page Not Found --> favicon.ico (at /Library/WebServer/Documents/KulizaTagit/www-tagit-com/system/core/Exceptions.php line 112)
2012-08-10 10:41:57,956 [DEBUG] root: Config Class Initialized (at /Library/WebServer/Documents/KulizaTagit/www-tagit-com/system/core/Config.php line 64)
2012-08-10 10:41:57,956 [DEBUG] root: Hooks Class Initialized (at /Library/WebServer/Documents/KulizaTagit/www-tagit-com/system/core/Hooks.php line 57)
2012-08-10 10:41:57,956 [DEBUG] root: Utf8 Class Initialized (at /Library/WebServer/Documents/KulizaTagit/www-tagit-com/system/core/Utf8.php line 39)
2012-08-10 10:41:57,956 [DEBUG] root: UTF-8 Support Enabled (at /Library/WebServer/Documents/KulizaTagit/www-tagit-com/system/core/Utf8.php line 50)
2012-08-10 10:41:57,956 [DEBUG] root: URI Class Initialized (at /Library/WebServer/Documents/KulizaTagit/www-tagit-com/system/core/URI.php line 73)
2012-08-10 10:41:57,956 [DEBUG] root: Router Class Initialized (at /Library/WebServer/Documents/KulizaTagit/www-tagit-com/system/core/Router.php line 90)
2012-08-10 10:41:57,956 [DEBUG] root: No URI present. Default controller set. (at /Library/WebServer/Documents/KulizaTagit/www-tagit-com/system/core/Router.php line 209)
2012-08-10 10:41:57,956 [DEBUG] root: Output Class Initialized (at /Library/WebServer/Documents/KulizaTagit/www-tagit-com/system/core/Output.php line 109)
2012-08-10 10:41:57,956 [DEBUG] root: Security Class Initialized (at /Library/WebServer/Documents/KulizaTagit/www-tagit-com/system/core/Security.php line 122)
2012-08-10 10:41:57,956 [DEBUG] root: Input Class Initialized (at /Library/WebServer/Documents/KulizaTagit/www-tagit-com/system/core/Input.php line 86)
2012-08-10 10:41:57,956 [DEBUG] root: Global POST and COOKIE data sanitized (at /Library/WebServer/Documents/KulizaTagit/www-tagit-com/system/core/Input.php line 651)
2012-08-10 10:41:57,956 [DEBUG] root: Language Class Initialized (at /Library/WebServer/Documents/KulizaTagit/www-tagit-com/system/core/Lang.php line 49)
2012-08-10 10:41:57,956 [DEBUG] root: Loader Class Initialized (at /Library/WebServer/Documents/KulizaTagit/www-tagit-com/system/core/Loader.php line 132)
2012-08-10 10:41:57,956 [DEBUG] root: Controller Class Initialized (at /Library/WebServer/Documents/KulizaTagit/www-tagit-com/system/core/Controller.php line 53)
2012-08-10 10:41:58,089 [DEBUG] root: Config Class Initialized (at /Library/WebServer/Documents/KulizaTagit/www-tagit-com/system/core/Config.php line 64)
2012-08-10 10:41:58,089 [DEBUG] root: Hooks Class Initialized (at /Library/WebServer/Documents/KulizaTagit/www-tagit-com/system/core/Hooks.php line 57)
2012-08-10 10:41:58,089 [DEBUG] root: Utf8 Class Initialized (at /Library/WebServer/Documents/KulizaTagit/www-tagit-com/system/core/Utf8.php line 39)
2012-08-10 10:41:58,089 [DEBUG] root: UTF-8 Support Enabled (at /Library/WebServer/Documents/KulizaTagit/www-tagit-com/system/core/Utf8.php line 50)
2012-08-10 10:41:58,089 [DEBUG] root: URI Class Initialized (at /Library/WebServer/Documents/KulizaTagit/www-tagit-com/system/core/URI.php line 73)
2012-08-10 10:41:58,089 [DEBUG] root: Router Class Initialized (at /Library/WebServer/Documents/KulizaTagit/www-tagit-com/system/core/Router.php line 90)
2012-08-10 10:41:58,089 [ERROR] root: 404 Page Not Found --> favicon.ico (at /Library/WebServer/Documents/KulizaTagit/www-tagit-com/system/core/Exceptions.php line 112)
2012-08-10 10:42:48,059 [DEBUG] root: Config Class Initialized (at /Library/WebServer/Documents/KulizaTagit/www-tagit-com/system/core/Config.php line 64)
2012-08-10 10:42:48,059 [DEBUG] root: Hooks Class Initialized (at /Library/WebServer/Documents/KulizaTagit/www-tagit-com/system/core/Hooks.php line 57)
2012-08-10 10:42:48,059 [DEBUG] root: Utf8 Class Initialized (at /Library/WebServer/Documents/KulizaTagit/www-tagit-com/system/core/Utf8.php line 39)
2012-08-10 10:42:48,059 [DEBUG] root: UTF-8 Support Enabled (at /Library/WebServer/Documents/KulizaTagit/www-tagit-com/system/core/Utf8.php line 50)
2012-08-10 10:42:48,059 [DEBUG] root: URI Class Initialized (at /Library/WebServer/Documents/KulizaTagit/www-tagit-com/system/core/URI.php line 73)
2012-08-10 10:42:48,059 [DEBUG] root: Router Class Initialized (at /Library/WebServer/Documents/KulizaTagit/www-tagit-com/system/core/Router.php line 90)
2012-08-10 10:42:48,059 [DEBUG] root: No URI present. Default controller set. (at /Library/WebServer/Documents/KulizaTagit/www-tagit-com/system/core/Router.php line 209)
2012-08-10 10:42:48,059 [DEBUG] root: Output Class Initialized (at /Library/WebServer/Documents/KulizaTagit/www-tagit-com/system/core/Output.php line 109)
2012-08-10 10:42:48,059 [DEBUG] root: Security Class Initialized (at /Library/WebServer/Documents/KulizaTagit/www-tagit-com/system/core/Security.php line 122)
2012-08-10 10:42:48,059 [DEBUG] root: Input Class Initialized (at /Library/WebServer/Documents/KulizaTagit/www-tagit-com/system/core/Input.php line 86)
2012-08-10 10:42:48,059 [DEBUG] root: Global POST and COOKIE data sanitized (at /Library/WebServer/Documents/KulizaTagit/www-tagit-com/system/core/Input.php line 651)
2012-08-10 10:42:48,059 [DEBUG] root: Language Class Initialized (at /Library/WebServer/Documents/KulizaTagit/www-tagit-com/system/core/Lang.php line 49)
2012-08-10 10:42:48,059 [DEBUG] root: Loader Class Initialized (at /Library/WebServer/Documents/KulizaTagit/www-tagit-com/system/core/Loader.php line 132)
2012-08-10 10:42:48,059 [DEBUG] root: Controller Class Initialized (at /Library/WebServer/Documents/KulizaTagit/www-tagit-com/system/core/Controller.php line 53)
2012-08-10 10:42:48,187 [DEBUG] root: Config Class Initialized (at /Library/WebServer/Documents/KulizaTagit/www-tagit-com/system/core/Config.php line 64)
2012-08-10 10:42:48,187 [DEBUG] root: Hooks Class Initialized (at /Library/WebServer/Documents/KulizaTagit/www-tagit-com/system/core/Hooks.php line 57)
2012-08-10 10:42:48,187 [DEBUG] root: Utf8 Class Initialized (at /Library/WebServer/Documents/KulizaTagit/www-tagit-com/system/core/Utf8.php line 39)
2012-08-10 10:42:48,187 [DEBUG] root: UTF-8 Support Enabled (at /Library/WebServer/Documents/KulizaTagit/www-tagit-com/system/core/Utf8.php line 50)
2012-08-10 10:42:48,187 [DEBUG] root: URI Class Initialized (at /Library/WebServer/Documents/KulizaTagit/www-tagit-com/system/core/URI.php line 73)
2012-08-10 10:42:48,187 [DEBUG] root: Router Class Initialized (at /Library/WebServer/Documents/KulizaTagit/www-tagit-com/system/core/Router.php line 90)
2012-08-10 10:42:48,187 [ERROR] root: 404 Page Not Found --> favicon.ico (at /Library/WebServer/Documents/KulizaTagit/www-tagit-com/system/core/Exceptions.php line 112)
2012-08-10 10:42:49,058 [DEBUG] root: Config Class Initialized (at /Library/WebServer/Documents/KulizaTagit/www-tagit-com/system/core/Config.php line 64)
2012-08-10 10:42:49,058 [DEBUG] root: Hooks Class Initialized (at /Library/WebServer/Documents/KulizaTagit/www-tagit-com/system/core/Hooks.php line 57)
2012-08-10 10:42:49,058 [DEBUG] root: Utf8 Class Initialized (at /Library/WebServer/Documents/KulizaTagit/www-tagit-com/system/core/Utf8.php line 39)
2012-08-10 10:42:49,058 [DEBUG] root: UTF-8 Support Enabled (at /Library/WebServer/Documents/KulizaTagit/www-tagit-com/system/core/Utf8.php line 50)
2012-08-10 10:42:49,058 [DEBUG] root: URI Class Initialized (at /Library/WebServer/Documents/KulizaTagit/www-tagit-com/system/core/URI.php line 73)
2012-08-10 10:42:49,058 [DEBUG] root: Router Class Initialized (at /Library/WebServer/Documents/KulizaTagit/www-tagit-com/system/core/Router.php line 90)
2012-08-10 10:42:49,058 [DEBUG] root: No URI present. Default controller set. (at /Library/WebServer/Documents/KulizaTagit/www-tagit-com/system/core/Router.php line 209)
2012-08-10 10:42:49,058 [DEBUG] root: Output Class Initialized (at /Library/WebServer/Documents/KulizaTagit/www-tagit-com/system/core/Output.php line 109)
2012-08-10 10:42:49,058 [DEBUG] root: Security Class Initialized (at /Library/WebServer/Documents/KulizaTagit/www-tagit-com/system/core/Security.php line 122)
2012-08-10 10:42:49,058 [DEBUG] root: Input Class Initialized (at /Library/WebServer/Documents/KulizaTagit/www-tagit-com/system/core/Input.php line 86)
2012-08-10 10:42:49,058 [DEBUG] root: Global POST and COOKIE data sanitized (at /Library/WebServer/Documents/KulizaTagit/www-tagit-com/system/core/Input.php line 651)
2012-08-10 10:42:49,058 [DEBUG] root: Language Class Initialized (at /Library/WebServer/Documents/KulizaTagit/www-tagit-com/system/core/Lang.php line 49)
2012-08-10 10:42:49,058 [DEBUG] root: Loader Class Initialized (at /Library/WebServer/Documents/KulizaTagit/www-tagit-com/system/core/Loader.php line 132)
2012-08-10 10:42:49,058 [DEBUG] root: Controller Class Initialized (at /Library/WebServer/Documents/KulizaTagit/www-tagit-com/system/core/Controller.php line 53)
2012-08-10 10:42:49,138 [DEBUG] root: Config Class Initialized (at /Library/WebServer/Documents/KulizaTagit/www-tagit-com/system/core/Config.php line 64)
2012-08-10 10:42:49,138 [DEBUG] root: Hooks Class Initialized (at /Library/WebServer/Documents/KulizaTagit/www-tagit-com/system/core/Hooks.php line 57)
2012-08-10 10:42:49,138 [DEBUG] root: Utf8 Class Initialized (at /Library/WebServer/Documents/KulizaTagit/www-tagit-com/system/core/Utf8.php line 39)
2012-08-10 10:42:49,138 [DEBUG] root: UTF-8 Support Enabled (at /Library/WebServer/Documents/KulizaTagit/www-tagit-com/system/core/Utf8.php line 50)
2012-08-10 10:42:49,138 [DEBUG] root: URI Class Initialized (at /Library/WebServer/Documents/KulizaTagit/www-tagit-com/system/core/URI.php line 73)
2012-08-10 10:42:49,138 [DEBUG] root: Router Class Initialized (at /Library/WebServer/Documents/KulizaTagit/www-tagit-com/system/core/Router.php line 90)
2012-08-10 10:42:49,138 [ERROR] root: 404 Page Not Found --> favicon.ico (at /Library/WebServer/Documents/KulizaTagit/www-tagit-com/system/core/Exceptions.php line 112)
2012-08-10 10:43:13,850 [DEBUG] root: Config Class Initialized (at /Library/WebServer/Documents/KulizaTagit/www-tagit-com/system/core/Config.php line 64)
2012-08-10 10:43:13,850 [DEBUG] root: Hooks Class Initialized (at /Library/WebServer/Documents/KulizaTagit/www-tagit-com/system/core/Hooks.php line 57)
2012-08-10 10:43:13,850 [DEBUG] root: Utf8 Class Initialized (at /Library/WebServer/Documents/KulizaTagit/www-tagit-com/system/core/Utf8.php line 39)
2012-08-10 10:43:13,850 [DEBUG] root: UTF-8 Support Enabled (at /Library/WebServer/Documents/KulizaTagit/www-tagit-com/system/core/Utf8.php line 50)
2012-08-10 10:43:13,850 [DEBUG] root: URI Class Initialized (at /Library/WebServer/Documents/KulizaTagit/www-tagit-com/system/core/URI.php line 73)
2012-08-10 10:43:13,850 [DEBUG] root: Router Class Initialized (at /Library/WebServer/Documents/KulizaTagit/www-tagit-com/system/core/Router.php line 90)
2012-08-10 10:43:13,850 [DEBUG] root: No URI present. Default controller set. (at /Library/WebServer/Documents/KulizaTagit/www-tagit-com/system/core/Router.php line 209)
2012-08-10 10:43:13,850 [DEBUG] root: Output Class Initialized (at /Library/WebServer/Documents/KulizaTagit/www-tagit-com/system/core/Output.php line 109)
2012-08-10 10:43:13,850 [DEBUG] root: Security Class Initialized (at /Library/WebServer/Documents/KulizaTagit/www-tagit-com/system/core/Security.php line 122)
2012-08-10 10:43:13,850 [DEBUG] root: Input Class Initialized (at /Library/WebServer/Documents/KulizaTagit/www-tagit-com/system/core/Input.php line 86)
2012-08-10 10:43:13,850 [DEBUG] root: Global POST and COOKIE data sanitized (at /Library/WebServer/Documents/KulizaTagit/www-tagit-com/system/core/Input.php line 651)
2012-08-10 10:43:13,850 [DEBUG] root: Language Class Initialized (at /Library/WebServer/Documents/KulizaTagit/www-tagit-com/system/core/Lang.php line 49)
2012-08-10 10:43:13,850 [DEBUG] root: Loader Class Initialized (at /Library/WebServer/Documents/KulizaTagit/www-tagit-com/system/core/Loader.php line 132)
2012-08-10 10:43:13,850 [DEBUG] root: Controller Class Initialized (at /Library/WebServer/Documents/KulizaTagit/www-tagit-com/system/core/Controller.php line 53)
2012-08-10 10:43:13,850 [DEBUG] root: File loaded: application/views//elements/header.php (at /Library/WebServer/Documents/KulizaTagit/www-tagit-com/system/core/Loader.php line 836)
2012-08-10 10:43:13,850 [DEBUG] root: File loaded: application/views//elements/footer.php (at /Library/WebServer/Documents/KulizaTagit/www-tagit-com/system/core/Loader.php line 836)
2012-08-10 10:43:13,850 [DEBUG] root: File loaded: application/views/home/index.php (at /Library/WebServer/Documents/KulizaTagit/www-tagit-com/system/core/Loader.php line 836)
2012-08-10 10:43:13,850 [DEBUG] root: Final output sent to browser (at /Library/WebServer/Documents/KulizaTagit/www-tagit-com/system/core/Output.php line 448)
2012-08-10 10:43:13,850 [DEBUG] root: Total execution time: 0.0572 (at /Library/WebServer/Documents/KulizaTagit/www-tagit-com/system/core/Output.php line 449)
2012-08-10 10:43:13,991 [DEBUG] root: Config Class Initialized (at /Library/WebServer/Documents/KulizaTagit/www-tagit-com/system/core/Config.php line 64)
2012-08-10 10:43:13,991 [DEBUG] root: Hooks Class Initialized (at /Library/WebServer/Documents/KulizaTagit/www-tagit-com/system/core/Hooks.php line 57)
2012-08-10 10:43:13,991 [DEBUG] root: Utf8 Class Initialized (at /Library/WebServer/Documents/KulizaTagit/www-tagit-com/system/core/Utf8.php line 39)
2012-08-10 10:43:13,991 [DEBUG] root: UTF-8 Support Enabled (at /Library/WebServer/Documents/KulizaTagit/www-tagit-com/system/core/Utf8.php line 50)
2012-08-10 10:43:13,991 [DEBUG] root: URI Class Initialized (at /Library/WebServer/Documents/KulizaTagit/www-tagit-com/system/core/URI.php line 73)
2012-08-10 10:43:13,991 [DEBUG] root: Router Class Initialized (at /Library/WebServer/Documents/KulizaTagit/www-tagit-com/system/core/Router.php line 90)
2012-08-10 10:43:13,991 [ERROR] root: 404 Page Not Found --> favicon.ico (at /Library/WebServer/Documents/KulizaTagit/www-tagit-com/system/core/Exceptions.php line 112)
2012-08-10 10:50:46,381 [DEBUG] root: Config Class Initialized (at /Library/WebServer/Documents/KulizaTagit/www-tagit-com/system/core/Config.php line 64)
2012-08-10 10:50:46,381 [DEBUG] root: Hooks Class Initialized (at /Library/WebServer/Documents/KulizaTagit/www-tagit-com/system/core/Hooks.php line 57)
2012-08-10 10:50:46,381 [DEBUG] root: Utf8 Class Initialized (at /Library/WebServer/Documents/KulizaTagit/www-tagit-com/system/core/Utf8.php line 39)
2012-08-10 10:50:46,381 [DEBUG] root: UTF-8 Support Enabled (at /Library/WebServer/Documents/KulizaTagit/www-tagit-com/system/core/Utf8.php line 50)
2012-08-10 10:50:46,381 [DEBUG] root: URI Class Initialized (at /Library/WebServer/Documents/KulizaTagit/www-tagit-com/system/core/URI.php line 73)
2012-08-10 10:50:46,381 [DEBUG] root: Router Class Initialized (at /Library/WebServer/Documents/KulizaTagit/www-tagit-com/system/core/Router.php line 90)
2012-08-10 10:50:46,381 [DEBUG] root: No URI present. Default controller set. (at /Library/WebServer/Documents/KulizaTagit/www-tagit-com/system/core/Router.php line 209)
2012-08-10 10:50:46,381 [DEBUG] root: Output Class Initialized (at /Library/WebServer/Documents/KulizaTagit/www-tagit-com/system/core/Output.php line 109)
2012-08-10 10:50:46,381 [DEBUG] root: Security Class Initialized (at /Library/WebServer/Documents/KulizaTagit/www-tagit-com/system/core/Security.php line 122)
2012-08-10 10:50:46,381 [DEBUG] root: Input Class Initialized (at /Library/WebServer/Documents/KulizaTagit/www-tagit-com/system/core/Input.php line 86)
2012-08-10 10:50:46,381 [DEBUG] root: Global POST and COOKIE data sanitized (at /Library/WebServer/Documents/KulizaTagit/www-tagit-com/system/core/Input.php line 651)
2012-08-10 10:50:46,381 [DEBUG] root: Language Class Initialized (at /Library/WebServer/Documents/KulizaTagit/www-tagit-com/system/core/Lang.php line 49)
2012-08-10 10:50:46,381 [DEBUG] root: Loader Class Initialized (at /Library/WebServer/Documents/KulizaTagit/www-tagit-com/system/core/Loader.php line 132)
2012-08-10 10:50:46,381 [DEBUG] root: Controller Class Initialized (at /Library/WebServer/Documents/KulizaTagit/www-tagit-com/system/core/Controller.php line 53)
2012-08-10 10:50:46,381 [DEBUG] root: Helper loaded: log4php_helper (at /Library/WebServer/Documents/KulizaTagit/www-tagit-com/system/core/Loader.php line 530)
2012-08-10 10:50:46,381 [ERROR] root: hogehoge (at /Library/WebServer/Documents/KulizaTagit/www-tagit-com/application/controllers/home.php line 10)
2012-08-10 10:50:46,381 [INFO] root: hogehoge (at /Library/WebServer/Documents/KulizaTagit/www-tagit-com/application/controllers/home.php line 11)
2012-08-10 10:50:46,381 [DEBUG] root: hogehoge (at /Library/WebServer/Documents/KulizaTagit/www-tagit-com/application/controllers/home.php line 12)
2012-08-10 10:50:46,381 [DEBUG] root: File loaded: application/views//elements/header.php (at /Library/WebServer/Documents/KulizaTagit/www-tagit-com/system/core/Loader.php line 836)
2012-08-10 10:50:46,381 [DEBUG] root: File loaded: application/views//elements/footer.php (at /Library/WebServer/Documents/KulizaTagit/www-tagit-com/system/core/Loader.php line 836)
2012-08-10 10:50:46,381 [DEBUG] root: File loaded: application/views/home/index.php (at /Library/WebServer/Documents/KulizaTagit/www-tagit-com/system/core/Loader.php line 836)
2012-08-10 10:50:46,381 [DEBUG] root: Final output sent to browser (at /Library/WebServer/Documents/KulizaTagit/www-tagit-com/system/core/Output.php line 448)
2012-08-10 10:50:46,381 [DEBUG] root: Total execution time: 0.0173 (at /Library/WebServer/Documents/KulizaTagit/www-tagit-com/system/core/Output.php line 449)
2012-08-10 10:50:46,521 [DEBUG] root: Config Class Initialized (at /Library/WebServer/Documents/KulizaTagit/www-tagit-com/system/core/Config.php line 64)
2012-08-10 10:50:46,521 [DEBUG] root: Hooks Class Initialized (at /Library/WebServer/Documents/KulizaTagit/www-tagit-com/system/core/Hooks.php line 57)
2012-08-10 10:50:46,521 [DEBUG] root: Utf8 Class Initialized (at /Library/WebServer/Documents/KulizaTagit/www-tagit-com/system/core/Utf8.php line 39)
2012-08-10 10:50:46,521 [DEBUG] root: UTF-8 Support Enabled (at /Library/WebServer/Documents/KulizaTagit/www-tagit-com/system/core/Utf8.php line 50)
2012-08-10 10:50:46,521 [DEBUG] root: URI Class Initialized (at /Library/WebServer/Documents/KulizaTagit/www-tagit-com/system/core/URI.php line 73)
2012-08-10 10:50:46,521 [DEBUG] root: Router Class Initialized (at /Library/WebServer/Documents/KulizaTagit/www-tagit-com/system/core/Router.php line 90)
2012-08-10 10:50:46,521 [ERROR] root: 404 Page Not Found --> favicon.ico (at /Library/WebServer/Documents/KulizaTagit/www-tagit-com/system/core/Exceptions.php line 112)
